2025-12-17 11:11:13,432 INFO o.a.j.u.JMeterUtils: Setting Locale to en_EN
2025-12-17 11:11:13,445 INFO o.a.j.JMeter: Loading user properties from: C:\Program Files\apache-jmeter-5.6.3\bin\user.properties
2025-12-17 11:11:13,446 INFO o.a.j.JMeter: Loading system properties from: C:\Program Files\apache-jmeter-5.6.3\bin\system.properties
2025-12-17 11:11:13,450 INFO o.a.j.JMeter: Copyright (c) 1998-2024 The Apache Software Foundation
2025-12-17 11:11:13,450 INFO o.a.j.JMeter: Version 5.6.3
2025-12-17 11:11:13,450 INFO o.a.j.JMeter: java.version=11.0.16.1
2025-12-17 11:11:13,450 INFO o.a.j.JMeter: java.vm.name=OpenJDK 64-Bit Server VM
2025-12-17 11:11:13,450 INFO o.a.j.JMeter: os.name=Windows 11
2025-12-17 11:11:13,450 INFO o.a.j.JMeter: os.arch=amd64
2025-12-17 11:11:13,452 INFO o.a.j.JMeter: os.version=10.0
2025-12-17 11:11:13,452 INFO o.a.j.JMeter: file.encoding=Cp1252
2025-12-17 11:11:13,452 INFO o.a.j.JMeter: java.awt.headless=null
2025-12-17 11:11:13,452 INFO o.a.j.JMeter: Max memory     =1073741824
2025-12-17 11:11:13,452 INFO o.a.j.JMeter: Available Processors =20
2025-12-17 11:11:13,457 INFO o.a.j.JMeter: Default Locale=English (EN)
2025-12-17 11:11:13,457 INFO o.a.j.JMeter: JMeter  Locale=English (EN)
2025-12-17 11:11:13,457 INFO o.a.j.JMeter: JMeterHome=C:\Program Files\apache-jmeter-5.6.3
2025-12-17 11:11:13,457 INFO o.a.j.JMeter: user.dir  =C:\Users\Stephenie\Documents\Revature\StephRepo\jmeterDemo
2025-12-17 11:11:13,458 INFO o.a.j.JMeter: PWD       =C:\Users\Stephenie\Documents\Revature\StephRepo\jmeterDemo
2025-12-17 11:11:13,521 INFO o.a.j.JMeter: IP: 10.213.56.95 Name: DESKTOP-6NBVF6H FullName: 10.213.56.95
